<component name="libraryTable">
  <library name="junit-4.10 (3)">
    <CLASSES>
      <root url="jar://$PROJECT_DIR$/NEWS/web/WEB-INF/llib/junit-4.10.jar!/" />
      <root url="jar://$PROJECT_DIR$/NEWS/web/WEB-INF/llib/ojdbc6.jar!/" />
    </CLASSES>
    <JAVADOC />
    <SOURCES />
  </library>
</component>